  Alpaca.cpp
  Chic.cpp
  Fox.cpp
  GameObject.cpp
C:\Users\yeons\Desktop\25-2\넷겜플\25_NGP\FinalProject\MyGame\GameObject.cpp(135,34): warning C4267: '=': 'size_t'에서 'GLsizei'(으)로 변환하면서 데이터가 손실될 수 있습니다.
  main.cpp
  Penguin.cpp
  Pig.cpp
  PlayerObject.cpp
C:\Users\yeons\Desktop\25-2\넷겜플\25_NGP\FinalProject\MyGame\PlayerObject.cpp(253,19): warning C4244: '=': 'int'에서 'float'(으)로 변환하면서 데이터가 손실될 수 있습니다.
C:\Users\yeons\Desktop\25-2\넷겜플\25_NGP\FinalProject\MyGame\PlayerObject.cpp(254,19): warning C4244: '=': 'int'에서 'float'(으)로 변환하면서 데이터가 손실될 수 있습니다.
C:\Users\yeons\Desktop\25-2\넷겜플\25_NGP\FinalProject\MyGame\PlayerObject.cpp(266,17): warning C4244: '초기화 중': 'float'에서 'int'(으)로 변환하면서 데이터가 손실될 수 있습니다.
C:\Users\yeons\Desktop\25-2\넷겜플\25_NGP\FinalProject\MyGame\PlayerObject.cpp(267,17): warning C4244: '초기화 중': 'float'에서 'int'(으)로 변환하면서 데이터가 손실될 수 있습니다.
  Scene.cpp
C:\Users\yeons\Desktop\25-2\넷겜플\25_NGP\FinalProject\MyGame\Scene.cpp(1846,3): warning C4065: switch문에 'default'가 있으나 'case' 레이블이 없습니다.
C:\Users\yeons\Desktop\25-2\넷겜플\25_NGP\FinalProject\MyGame\Scene.cpp(1927,34): warning C4267: '=': 'size_t'에서 'GLsizei'(으)로 변환하면서 데이터가 손실될 수 있습니다.
C:\Users\yeons\Desktop\25-2\넷겜플\25_NGP\FinalProject\MyGame\Scene.cpp(2370,34): warning C4267: '=': 'size_t'에서 'GLsizei'(으)로 변환하면서 데이터가 손실될 수 있습니다.
  startScene.cpp
C:\Users\yeons\Desktop\25-2\넷겜플\25_NGP\FinalProject\MyGame\startScene.cpp(203,3): warning C4065: switch문에 'default'가 있으나 'case' 레이블이 없습니다.
C:\Users\yeons\Desktop\25-2\넷겜플\25_NGP\FinalProject\MyGame\startScene.cpp(282,34): warning C4267: '=': 'size_t'에서 'GLsizei'(으)로 변환하면서 데이터가 손실될 수 있습니다.
C:\Users\yeons\Desktop\25-2\넷겜플\25_NGP\FinalProject\MyGame\startScene.cpp(675,34): warning C4267: '=': 'size_t'에서 'GLsizei'(으)로 변환하면서 데이터가 손실될 수 있습니다.
  코드를 생성하고 있습니다.
  Previous IPDB was built with incompatible compiler, fall back to full compilation.
  All 800 functions were compiled because no usable IPDB/IOBJ from previous compilation was found.
  코드를 생성했습니다.
  MyGame.vcxproj -> C:\Users\yeons\Desktop\25-2\넷겜플\25_NGP\FinalProject\x64\Release\MyGame.exe
  'pwsh.exe'은(는) 내부 또는 외부 명령, 실행할 수 있는 프로그램, 또는
  배치 파일이 아닙니다.
